12.0505 	EXP 	Created window1 = Window(allowGUI=True, allowStencil=False, autoLog=True, backendConf=UNKNOWN, backgroundFit=<method-wrapper '__getattribute__' of attributeSetter object at 0x000001AA953BDCA0>, backgroundImage=<method-wrapper '__getattribute__' of attributeSetter object at 0x000001AA953BDC40>, bitsMode=UNKNOWN, blendMode='avg', bpc=(8, 8, 8), color=array([0, 0, 0]), colorSpace='rgb', depthBits=8, fullscr=<method-wrapper '__getattribute__' of attributeSetter object at 0x000001AA953BD970>, gamma=None, gammaErrorPolicy='raise', lms=UNKNOWN, monitor=<psychopy.monitors.calibTools.Monitor object at 0x000001AA9BEE3DC0>, multiSample=False, name='window1', numSamples=2, pos=(260, 190), screen=0, size=array([1400,  700]), stencilBits=0, stereo=False, units='height', useFBO=True, useRetina=False, viewOri=0.0, viewPos=None, viewScale=None, waitBlanking=True, winType='pyglet')
12.0507 	EXP 	window1: mouseVisible = True
12.0507 	EXP 	window1: backgroundImage = ''
12.0508 	EXP 	window1: backgroundFit = 'none'
12.0508 	EXP 	window1: mouseVisible = True
12.0508 	EXP 	window1: Attempting to measure frame rate of screen (0) ...
12.0509 	EXP 	window1: recordFrameIntervals = False
12.2165 	EXP 	window1: recordFrameIntervals = True
12.3999 	EXP 	Screen (0) actual frame rate measured at 60.02Hz
12.4000 	EXP 	window1: recordFrameIntervals = False
12.5627 	WARNING 	launchHubServer: If using the iohub mouse or eyetracker devices, fullScr should be True.
14.7408 	EXP 	Created fixation = ShapeStim(__class__=<class 'psychopy.visual.shape.ShapeStim'>, anchor=('center', 'center'), autoDraw=False, autoLog=True, closeShape=True, color=method-wrapper(...), colorSpace='rgb', contrast=None, depth=-1.0, fillColor=array([1, 1, 1]), fillColorSpace='rgb', fillRGB=array([1, 1, 1]), interpolate=True, lineColor=array([1., 1., 1.]), lineColorSpace='rgb', lineRGB=array([1, 1, 1]), lineWidth=1.0, name='fixation', opacity=1.0, ori=0.0, pos=array([0., 0.]), size=array([10., 10.]), units='pix', vertices=ndarray(...), win=Window(...), windingRule=None)
14.7496 	EXP 	Created grating = GratingStim(__class__=<class 'psychopy.visual.grating.GratingStim'>, anchor='center', autoDraw=False, autoLog=True, blendmode='avg', color=array([0.5, 0.5, 0.5]), colorSpace='rgb', contrast=0.5, depth=-2.0, interpolate=True, mask='gauss', maskParams=None, name='grating', opacity=1.0, ori=1.0, phase=array([0., 0.]), pos=array([0., 0.]), rgbPedestal=array([0., 0., 0.]), sf=array([8., 8.]), size=array([0.3, 0.3]), tex='sin', texRes=128.0, units='height', win=Window(...))
14.7496 	WARNING 	Increasing number of minimum required reversals to the number of step sizes, (4).
14.7631 	EXP 	grating: ori = 10.0
14.7631 	EXP 	fixation: autoDraw = True
15.2797 	EXP 	fixation: autoDraw = False
15.2797 	EXP 	grating: autoDraw = True
15.2797 	EXP 	grating: tex = 'sin'
15.5814 	EXP 	grating: autoDraw = False
17.2014 	DATA 	Keypress: right
17.2145 	EXP 	fixation: autoDraw = False
17.2145 	EXP 	grating: autoDraw = False
17.2145 	EXP 	grating: ori = 8.0
17.2145 	EXP 	fixation: autoDraw = True
17.7147 	EXP 	fixation: autoDraw = False
17.7147 	EXP 	grating: autoDraw = True
18.0146 	EXP 	grating: autoDraw = False
18.4007 	DATA 	Keypress: right
18.4140 	EXP 	fixation: autoDraw = False
18.4140 	EXP 	grating: autoDraw = False
18.4140 	EXP 	grating: ori = -6.0
18.4140 	EXP 	fixation: autoDraw = True
18.9145 	EXP 	fixation: autoDraw = False
18.9145 	EXP 	grating: autoDraw = True
19.2146 	EXP 	grating: autoDraw = False
19.5675 	DATA 	Keypress: left
19.5808 	EXP 	fixation: autoDraw = False
19.5808 	EXP 	grating: autoDraw = False
19.5808 	EXP 	grating: ori = 4.0
19.5808 	EXP 	fixation: autoDraw = True
20.0810 	EXP 	fixation: autoDraw = False
20.0810 	EXP 	grating: autoDraw = True
20.3814 	EXP 	grating: autoDraw = False
20.7503 	DATA 	Keypress: right
20.7645 	EXP 	fixation: autoDraw = False
20.7645 	EXP 	grating: autoDraw = False
20.7645 	EXP 	grating: ori = 2.0
20.7645 	EXP 	fixation: autoDraw = True
21.2474 	EXP 	grating: autoDraw = True
21.2643 	EXP 	fixation: autoDraw = False
21.5479 	EXP 	grating: autoDraw = False
21.9343 	DATA 	Keypress: right
21.9479 	EXP 	fixation: autoDraw = False
21.9479 	EXP 	grating: autoDraw = False
21.9479 	EXP 	grating: ori = 0.0
21.9479 	EXP 	fixation: autoDraw = True
22.4313 	EXP 	grating: autoDraw = True
22.4480 	EXP 	fixation: autoDraw = False
22.7312 	EXP 	grating: autoDraw = False
23.1000 	DATA 	Keypress: right
23.1138 	EXP 	fixation: autoDraw = False
23.1138 	EXP 	grating: autoDraw = False
23.1138 	EXP 	grating: ori = 0.0
23.1138 	EXP 	fixation: autoDraw = True
23.5979 	EXP 	grating: autoDraw = True
23.6148 	EXP 	fixation: autoDraw = False
23.8978 	EXP 	grating: autoDraw = False
25.1340 	DATA 	Keypress: left
25.1472 	EXP 	fixation: autoDraw = False
25.1472 	EXP 	grating: autoDraw = False
25.1472 	EXP 	grating: ori = -1.0
25.1472 	EXP 	fixation: autoDraw = True
25.6475 	EXP 	fixation: autoDraw = False
25.6475 	EXP 	grating: autoDraw = True
25.9475 	EXP 	grating: autoDraw = False
26.4839 	DATA 	Keypress: left
26.4974 	EXP 	fixation: autoDraw = False
26.4974 	EXP 	grating: autoDraw = False
26.4974 	EXP 	grating: ori = 1.0
26.4974 	EXP 	fixation: autoDraw = True
26.9976 	EXP 	fixation: autoDraw = False
26.9976 	EXP 	grating: autoDraw = True
27.2977 	EXP 	grating: autoDraw = False
27.5844 	DATA 	Keypress: right
27.5974 	EXP 	fixation: autoDraw = False
27.5974 	EXP 	grating: autoDraw = False
27.5974 	EXP 	grating: ori = -1.0
27.5974 	EXP 	fixation: autoDraw = True
28.0972 	EXP 	fixation: autoDraw = False
28.0972 	EXP 	grating: autoDraw = True
28.3976 	EXP 	grating: autoDraw = False
29.4005 	DATA 	Keypress: right
29.4137 	EXP 	fixation: autoDraw = False
29.4137 	EXP 	grating: autoDraw = False
29.4137 	EXP 	grating: ori = -2.0
29.4137 	EXP 	fixation: autoDraw = True
29.9143 	EXP 	fixation: autoDraw = False
29.9143 	EXP 	grating: autoDraw = True
30.2139 	EXP 	grating: autoDraw = False
30.6003 	DATA 	Keypress: left
30.6133 	EXP 	fixation: autoDraw = False
30.6133 	EXP 	grating: autoDraw = False
30.6133 	EXP 	grating: ori = 2.0
30.6133 	EXP 	fixation: autoDraw = True
31.1138 	EXP 	fixation: autoDraw = False
31.1138 	EXP 	grating: autoDraw = True
31.4137 	EXP 	grating: autoDraw = False
31.8505 	DATA 	Keypress: right
31.8630 	EXP 	fixation: autoDraw = False
31.8630 	EXP 	grating: autoDraw = False
31.8630 	EXP 	grating: ori = -2.0
31.8630 	EXP 	fixation: autoDraw = True
32.3640 	EXP 	fixation: autoDraw = False
32.3640 	EXP 	grating: autoDraw = True
32.6640 	EXP 	grating: autoDraw = False
33.2839 	DATA 	Keypress: left
33.2967 	EXP 	fixation: autoDraw = False
33.2967 	EXP 	grating: autoDraw = False
33.2967 	EXP 	grating: ori = -1.0
33.2967 	EXP 	fixation: autoDraw = True
33.7972 	EXP 	fixation: autoDraw = False
33.7972 	EXP 	grating: autoDraw = True
34.0971 	EXP 	grating: autoDraw = False
35.0837 	DATA 	Keypress: right
35.0968 	EXP 	fixation: autoDraw = False
35.0968 	EXP 	grating: autoDraw = False
35.0968 	EXP 	grating: ori = -1.5
35.0968 	EXP 	fixation: autoDraw = True
35.5971 	EXP 	fixation: autoDraw = False
35.5971 	EXP 	grating: autoDraw = True
35.8970 	EXP 	grating: autoDraw = False
36.6505 	DATA 	Keypress: left
36.6636 	EXP 	fixation: autoDraw = False
36.6636 	EXP 	grating: autoDraw = False
36.6636 	EXP 	grating: ori = -1.5
36.6636 	EXP 	fixation: autoDraw = True
37.1637 	EXP 	fixation: autoDraw = False
37.1637 	EXP 	grating: autoDraw = True
37.4633 	EXP 	grating: autoDraw = False
37.7670 	DATA 	Keypress: left
37.7794 	EXP 	fixation: autoDraw = False
37.7794 	EXP 	grating: autoDraw = False
37.7794 	EXP 	grating: ori = 1.5
37.7794 	EXP 	fixation: autoDraw = True
38.2800 	EXP 	fixation: autoDraw = False
38.2800 	EXP 	grating: autoDraw = True
38.5802 	EXP 	grating: autoDraw = False
39.3499 	DATA 	Keypress: right
39.3631 	EXP 	fixation: autoDraw = False
39.3631 	EXP 	grating: autoDraw = False
39.3631 	EXP 	grating: ori = 1.0
39.3631 	EXP 	fixation: autoDraw = True
39.8632 	EXP 	fixation: autoDraw = False
39.8632 	EXP 	grating: autoDraw = True
40.1635 	EXP 	grating: autoDraw = False
40.7495 	DATA 	Keypress: right
40.7634 	EXP 	fixation: autoDraw = False
40.7634 	EXP 	grating: autoDraw = False
40.7634 	EXP 	grating: ori = 1.0
40.7634 	EXP 	fixation: autoDraw = True
41.2628 	EXP 	fixation: autoDraw = False
41.2628 	EXP 	grating: autoDraw = True
41.5622 	EXP 	grating: autoDraw = False
41.9996 	DATA 	Keypress: right
42.0128 	EXP 	fixation: autoDraw = False
42.0128 	EXP 	grating: autoDraw = False
42.0128 	EXP 	grating: ori = -1.0
42.0128 	EXP 	fixation: autoDraw = True
42.5135 	EXP 	fixation: autoDraw = False
42.5135 	EXP 	grating: autoDraw = True
42.8132 	EXP 	grating: autoDraw = False
43.6663 	DATA 	Keypress: right
43.6792 	EXP 	fixation: autoDraw = False
43.6792 	EXP 	grating: autoDraw = False
43.6792 	EXP 	grating: ori = 1.5
43.6792 	EXP 	fixation: autoDraw = True
44.1805 	EXP 	fixation: autoDraw = False
44.1805 	EXP 	grating: autoDraw = True
44.4797 	EXP 	grating: autoDraw = False
45.2993 	DATA 	Keypress: right
45.3124 	EXP 	fixation: autoDraw = False
45.3124 	EXP 	grating: autoDraw = False
45.3124 	EXP 	grating: ori = -1.5
45.3124 	EXP 	fixation: autoDraw = True
45.8130 	EXP 	fixation: autoDraw = False
45.8130 	EXP 	grating: autoDraw = True
46.1130 	EXP 	grating: autoDraw = False
46.8000 	DATA 	Keypress: left
46.8124 	EXP 	fixation: autoDraw = False
46.8124 	EXP 	grating: autoDraw = False
46.8124 	EXP 	grating: ori = 1.5
46.8124 	EXP 	fixation: autoDraw = True
47.3128 	EXP 	fixation: autoDraw = False
47.3128 	EXP 	grating: autoDraw = True
47.6132 	EXP 	grating: autoDraw = False
48.3831 	DATA 	Keypress: right
48.3962 	EXP 	fixation: autoDraw = False
48.3962 	EXP 	grating: autoDraw = False
48.3962 	EXP 	grating: ori = -1.0
48.3962 	EXP 	fixation: autoDraw = True
48.8961 	EXP 	fixation: autoDraw = False
48.8961 	EXP 	grating: autoDraw = True
49.1959 	EXP 	grating: autoDraw = False
49.7326 	DATA 	Keypress: left
49.7463 	EXP 	fixation: autoDraw = False
49.7463 	EXP 	grating: autoDraw = False
49.7463 	EXP 	grating: ori = -1.0
49.7463 	EXP 	fixation: autoDraw = True
50.2460 	EXP 	fixation: autoDraw = False
50.2460 	EXP 	grating: autoDraw = True
50.5459 	EXP 	grating: autoDraw = False
50.9663 	DATA 	Keypress: left
50.9795 	EXP 	fixation: autoDraw = False
50.9795 	EXP 	grating: autoDraw = False
50.9795 	EXP 	grating: ori = -1.0
50.9795 	EXP 	fixation: autoDraw = True
51.4790 	EXP 	fixation: autoDraw = False
51.4790 	EXP 	grating: autoDraw = True
51.7789 	EXP 	grating: autoDraw = False
52.2323 	DATA 	Keypress: left
52.2454 	EXP 	fixation: autoDraw = False
52.2454 	EXP 	grating: autoDraw = False
52.2454 	EXP 	grating: ori = -0.5
52.2454 	EXP 	fixation: autoDraw = True
52.7459 	EXP 	fixation: autoDraw = False
52.7459 	EXP 	grating: autoDraw = True
53.0459 	EXP 	grating: autoDraw = False
53.6822 	DATA 	Keypress: left
53.6955 	EXP 	fixation: autoDraw = False
53.6955 	EXP 	grating: autoDraw = False
53.6955 	EXP 	grating: ori = 0.5
53.6955 	EXP 	fixation: autoDraw = True
54.1792 	EXP 	grating: autoDraw = True
54.1959 	EXP 	fixation: autoDraw = False
54.4789 	EXP 	grating: autoDraw = False
54.8323 	DATA 	Keypress: right
54.8454 	EXP 	fixation: autoDraw = False
54.8454 	EXP 	grating: autoDraw = False
54.8454 	EXP 	grating: ori = 0.5
54.8454 	EXP 	fixation: autoDraw = True
55.3456 	EXP 	fixation: autoDraw = False
55.3456 	EXP 	grating: autoDraw = True
55.6455 	EXP 	grating: autoDraw = False
56.0139 	DATA 	Keypress: right
56.0282 	EXP 	fixation: autoDraw = False
56.0282 	EXP 	grating: autoDraw = False
56.0282 	EXP 	grating: ori = 0.0
56.0282 	EXP 	fixation: autoDraw = True
56.5118 	EXP 	grating: autoDraw = True
56.5293 	EXP 	fixation: autoDraw = False
56.8123 	EXP 	grating: autoDraw = False
57.4489 	DATA 	Keypress: left
57.4619 	EXP 	fixation: autoDraw = False
57.4619 	EXP 	grating: autoDraw = False
57.4619 	EXP 	grating: ori = 0.0
57.4619 	EXP 	fixation: autoDraw = True
57.9619 	EXP 	fixation: autoDraw = False
57.9619 	EXP 	grating: autoDraw = True
58.2622 	EXP 	grating: autoDraw = False
59.7643 	DATA 	Keypress: right
59.7791 	EXP 	fixation: autoDraw = False
59.7791 	EXP 	grating: autoDraw = False
59.7791 	EXP 	grating: ori = -0.5
59.7791 	EXP 	fixation: autoDraw = True
60.2620 	EXP 	grating: autoDraw = True
60.2782 	EXP 	fixation: autoDraw = False
60.5621 	EXP 	grating: autoDraw = False
61.0639 	DATA 	Keypress: left
61.0788 	EXP 	fixation: autoDraw = False
61.0788 	EXP 	grating: autoDraw = False
61.0788 	EXP 	grating: ori = -0.5
61.0788 	EXP 	fixation: autoDraw = True
61.5616 	EXP 	grating: autoDraw = True
61.5789 	EXP 	fixation: autoDraw = False
61.8618 	EXP 	grating: autoDraw = False
62.3635 	DATA 	Keypress: left
62.3782 	EXP 	fixation: autoDraw = False
62.3782 	EXP 	grating: autoDraw = False
62.3782 	EXP 	grating: ori = 0.5
62.3782 	EXP 	fixation: autoDraw = True
62.8785 	EXP 	fixation: autoDraw = False
62.8785 	EXP 	grating: autoDraw = True
63.1793 	EXP 	grating: autoDraw = False
63.7310 	DATA 	Keypress: left
63.7444 	EXP 	fixation: autoDraw = False
63.7444 	EXP 	grating: autoDraw = False
63.7444 	EXP 	grating: ori = 1.0
63.7444 	EXP 	fixation: autoDraw = True
64.2456 	EXP 	fixation: autoDraw = False
64.2456 	EXP 	grating: autoDraw = True
64.5450 	EXP 	grating: autoDraw = False
64.8790 	DATA 	Keypress: right
64.8943 	EXP 	fixation: autoDraw = False
64.8943 	EXP 	grating: autoDraw = False
64.8943 	EXP 	grating: ori = -1.0
64.8943 	EXP 	fixation: autoDraw = True
65.3784 	EXP 	grating: autoDraw = True
65.3952 	EXP 	fixation: autoDraw = False
65.6798 	EXP 	grating: autoDraw = False
66.0478 	DATA 	Keypress: left
66.0618 	EXP 	fixation: autoDraw = False
66.0618 	EXP 	grating: autoDraw = False
66.0618 	EXP 	grating: ori = -1.0
66.0618 	EXP 	fixation: autoDraw = True
66.5444 	EXP 	grating: autoDraw = True
66.5616 	EXP 	fixation: autoDraw = False
66.8449 	EXP 	grating: autoDraw = False
67.1809 	DATA 	Keypress: right
67.1943 	EXP 	fixation: autoDraw = False
67.1943 	EXP 	grating: autoDraw = False
67.1943 	EXP 	grating: ori = 1.5
67.1943 	EXP 	fixation: autoDraw = True
67.6954 	EXP 	fixation: autoDraw = False
67.6954 	EXP 	grating: autoDraw = True
67.9949 	EXP 	grating: autoDraw = False
68.4809 	DATA 	Keypress: right
68.4950 	EXP 	fixation: autoDraw = False
68.4950 	EXP 	grating: autoDraw = False
68.4950 	EXP 	grating: ori = 1.5
68.4950 	EXP 	fixation: autoDraw = True
68.9777 	EXP 	grating: autoDraw = True
68.9949 	EXP 	fixation: autoDraw = False
69.2783 	EXP 	grating: autoDraw = False
69.7307 	DATA 	Keypress: right
69.7449 	EXP 	fixation: autoDraw = False
69.7449 	EXP 	grating: autoDraw = False
69.7449 	EXP 	grating: ori = 1.5
69.7449 	EXP 	fixation: autoDraw = True
70.2452 	EXP 	fixation: autoDraw = False
70.2452 	EXP 	grating: autoDraw = True
70.5445 	EXP 	grating: autoDraw = False
70.9481 	DATA 	Keypress: right
70.9600 	EXP 	fixation: autoDraw = False
70.9600 	EXP 	grating: autoDraw = False
70.9600 	EXP 	grating: ori = -1.0
70.9600 	EXP 	fixation: autoDraw = True
71.4610 	EXP 	fixation: autoDraw = False
71.4610 	EXP 	grating: autoDraw = True
71.7612 	EXP 	grating: autoDraw = False
72.1806 	DATA 	Keypress: left
72.1941 	EXP 	fixation: autoDraw = False
72.1941 	EXP 	grating: autoDraw = False
72.1941 	EXP 	grating: ori = 1.0
72.1941 	EXP 	fixation: autoDraw = True
72.6781 	EXP 	grating: autoDraw = True
72.6945 	EXP 	fixation: autoDraw = False
72.9777 	EXP 	grating: autoDraw = False
73.3137 	DATA 	Keypress: right
73.3274 	EXP 	fixation: autoDraw = False
73.3274 	EXP 	grating: autoDraw = False
73.3274 	EXP 	grating: ori = 1.0
73.3274 	EXP 	fixation: autoDraw = True
73.8277 	EXP 	fixation: autoDraw = False
73.8277 	EXP 	grating: autoDraw = True
74.1284 	EXP 	grating: autoDraw = False
74.4477 	DATA 	Keypress: right
74.4613 	EXP 	fixation: autoDraw = False
74.4613 	EXP 	grating: autoDraw = False
74.4613 	EXP 	grating: ori = 0.5
74.4613 	EXP 	fixation: autoDraw = True
74.9441 	EXP 	grating: autoDraw = True
74.9613 	EXP 	fixation: autoDraw = False
75.2448 	EXP 	grating: autoDraw = False
75.9980 	DATA 	Keypress: left
76.0104 	EXP 	fixation: autoDraw = False
76.0104 	EXP 	grating: autoDraw = False
76.0104 	EXP 	grating: ori = 1.0
76.0104 	EXP 	fixation: autoDraw = True
76.5107 	EXP 	fixation: autoDraw = False
76.5107 	EXP 	grating: autoDraw = True
76.8110 	EXP 	grating: autoDraw = False
77.0803 	DATA 	Keypress: right
77.0943 	EXP 	fixation: autoDraw = False
77.0943 	EXP 	grating: autoDraw = False
77.0943 	EXP 	grating: ori = 1.0
77.0943 	EXP 	fixation: autoDraw = True
77.5779 	EXP 	grating: autoDraw = True
77.5941 	EXP 	fixation: autoDraw = False
77.8929 	EXP 	grating: autoDraw = False
78.3800 	DATA 	Keypress: left
78.3940 	EXP 	fixation: autoDraw = False
78.3940 	EXP 	grating: autoDraw = False
78.3940 	EXP 	grating: ori = -1.5
78.3940 	EXP 	fixation: autoDraw = True
78.8777 	EXP 	grating: autoDraw = True
78.8946 	EXP 	fixation: autoDraw = False
79.1773 	EXP 	grating: autoDraw = False
79.6146 	DATA 	Keypress: left
79.6265 	EXP 	fixation: autoDraw = False
79.6265 	EXP 	grating: autoDraw = False
79.6265 	EXP 	grating: ori = 1.5
79.6265 	EXP 	fixation: autoDraw = True
80.1269 	EXP 	fixation: autoDraw = False
80.1269 	EXP 	grating: autoDraw = True
80.4274 	EXP 	grating: autoDraw = False
80.7302 	DATA 	Keypress: right
80.7441 	EXP 	fixation: autoDraw = False
80.7441 	EXP 	grating: autoDraw = False
80.7441 	EXP 	grating: ori = -1.5
80.7441 	EXP 	fixation: autoDraw = True
81.2269 	EXP 	grating: autoDraw = True
81.2443 	EXP 	fixation: autoDraw = False
81.5273 	EXP 	grating: autoDraw = False
83.2134 	DATA 	Keypress: left
83.2269 	EXP 	fixation: autoDraw = False
83.2269 	EXP 	grating: autoDraw = False
83.2269 	EXP 	grating: ori = 1.0
83.2269 	EXP 	fixation: autoDraw = True
83.7278 	EXP 	fixation: autoDraw = False
83.7278 	EXP 	grating: autoDraw = True
84.0272 	EXP 	grating: autoDraw = False
84.4968 	DATA 	Keypress: right
84.5105 	EXP 	fixation: autoDraw = False
84.5105 	EXP 	grating: autoDraw = False
84.5105 	EXP 	grating: ori = 1.0
84.5105 	EXP 	fixation: autoDraw = True
85.0102 	EXP 	fixation: autoDraw = False
85.0102 	EXP 	grating: autoDraw = True
85.3105 	EXP 	grating: autoDraw = False
85.6796 	DATA 	Keypress: right
85.6930 	EXP 	fixation: autoDraw = False
85.6930 	EXP 	grating: autoDraw = False
85.6930 	EXP 	grating: ori = 1.0
85.6930 	EXP 	fixation: autoDraw = True
86.1924 	EXP 	fixation: autoDraw = False
86.1924 	EXP 	grating: autoDraw = True
86.4937 	EXP 	grating: autoDraw = False
86.9446 	DATA 	Keypress: right
86.9593 	EXP 	fixation: autoDraw = False
86.9593 	EXP 	grating: autoDraw = False
86.9593 	EXP 	grating: ori = -0.5
86.9593 	EXP 	fixation: autoDraw = True
87.4604 	EXP 	fixation: autoDraw = False
87.4604 	EXP 	grating: autoDraw = True
87.7603 	EXP 	grating: autoDraw = False
88.0788 	DATA 	Keypress: left
88.0933 	EXP 	fixation: autoDraw = False
88.0933 	EXP 	grating: autoDraw = False
88.0933 	EXP 	grating: ori = 0.5
88.0933 	EXP 	fixation: autoDraw = True
88.5779 	EXP 	grating: autoDraw = True
88.5931 	EXP 	fixation: autoDraw = False
88.8936 	EXP 	grating: autoDraw = False
89.2963 	DATA 	Keypress: right
89.3095 	EXP 	fixation: autoDraw = False
89.3095 	EXP 	grating: autoDraw = False
89.3095 	EXP 	grating: ori = 0.5
89.3095 	EXP 	fixation: autoDraw = True
89.8102 	EXP 	fixation: autoDraw = False
89.8102 	EXP 	grating: autoDraw = True
90.1108 	EXP 	grating: autoDraw = False
90.7626 	DATA 	Keypress: right
90.7767 	EXP 	fixation: autoDraw = False
90.7767 	EXP 	grating: autoDraw = False
90.7767 	EXP 	grating: ori = 0.0
90.7767 	EXP 	fixation: autoDraw = True
91.2779 	EXP 	fixation: autoDraw = False
91.2779 	EXP 	grating: autoDraw = True
91.5935 	EXP 	grating: autoDraw = False
92.0127 	DATA 	Keypress: left
92.0265 	EXP 	fixation: autoDraw = False
92.0265 	EXP 	grating: autoDraw = False
92.0265 	EXP 	grating: ori = -0.5
92.0265 	EXP 	fixation: autoDraw = True
92.5266 	EXP 	fixation: autoDraw = False
92.5266 	EXP 	grating: autoDraw = True
92.8267 	EXP 	grating: autoDraw = False
93.0797 	DATA 	Keypress: right
93.0934 	EXP 	fixation: autoDraw = False
93.0934 	EXP 	grating: autoDraw = False
93.0934 	EXP 	grating: ori = 1.0
93.0934 	EXP 	fixation: autoDraw = True
93.5764 	EXP 	grating: autoDraw = True
93.5933 	EXP 	fixation: autoDraw = False
93.8768 	EXP 	grating: autoDraw = False
94.2967 	DATA 	Keypress: left
94.3092 	EXP 	fixation: autoDraw = False
94.3092 	EXP 	grating: autoDraw = False
94.3092 	EXP 	grating: ori = -1.5
94.3092 	EXP 	fixation: autoDraw = True
94.8097 	EXP 	fixation: autoDraw = False
94.8097 	EXP 	grating: autoDraw = True
95.1091 	EXP 	grating: autoDraw = False
95.5791 	DATA 	Keypress: left
95.5930 	EXP 	fixation: autoDraw = False
95.5930 	EXP 	grating: autoDraw = False
95.5930 	EXP 	grating: ori = 1.5
95.5930 	EXP 	fixation: autoDraw = True
96.0760 	EXP 	grating: autoDraw = True
96.0929 	EXP 	fixation: autoDraw = False
96.3763 	EXP 	grating: autoDraw = False
96.6622 	DATA 	Keypress: right
96.6764 	EXP 	fixation: autoDraw = False
96.6764 	EXP 	grating: autoDraw = False
96.6764 	EXP 	grating: ori = -1.5
96.6764 	EXP 	fixation: autoDraw = True
97.1597 	EXP 	grating: autoDraw = True
97.1762 	EXP 	fixation: autoDraw = False
97.4601 	EXP 	grating: autoDraw = False
97.7119 	DATA 	Keypress: left
97.7265 	EXP 	fixation: autoDraw = False
97.7265 	EXP 	grating: autoDraw = False
97.7265 	EXP 	grating: ori = 1.0
97.7265 	EXP 	fixation: autoDraw = True
98.2100 	EXP 	grating: autoDraw = True
98.2261 	EXP 	fixation: autoDraw = False
98.5096 	EXP 	grating: autoDraw = False
98.8615 	DATA 	Keypress: right
98.8755 	EXP 	fixation: autoDraw = False
98.8755 	EXP 	grating: autoDraw = False
98.8755 	EXP 	grating: ori = 1.0
98.8755 	EXP 	fixation: autoDraw = True
99.3763 	EXP 	fixation: autoDraw = False
99.3763 	EXP 	grating: autoDraw = True
99.6760 	EXP 	grating: autoDraw = False
100.0954 	DATA 	Keypress: left
100.1094 	EXP 	fixation: autoDraw = False
100.1094 	EXP 	grating: autoDraw = False
100.1094 	EXP 	grating: ori = -1.5
100.1094 	EXP 	fixation: autoDraw = True
100.6098 	EXP 	fixation: autoDraw = False
100.6098 	EXP 	grating: autoDraw = True
100.9098 	EXP 	grating: autoDraw = False
101.2290 	DATA 	Keypress: left
101.2429 	EXP 	fixation: autoDraw = False
101.2429 	EXP 	grating: autoDraw = False
101.2429 	EXP 	grating: ori = 1.5
101.2429 	EXP 	fixation: autoDraw = True
101.7258 	EXP 	grating: autoDraw = True
101.7426 	EXP 	fixation: autoDraw = False
102.0256 	EXP 	grating: autoDraw = False
102.3289 	DATA 	Keypress: right
102.3426 	EXP 	fixation: autoDraw = False
102.3426 	EXP 	grating: autoDraw = False
102.3426 	EXP 	grating: ori = 1.5
102.3426 	EXP 	fixation: autoDraw = True
102.8258 	EXP 	grating: autoDraw = True
102.8426 	EXP 	fixation: autoDraw = False
103.1260 	EXP 	grating: autoDraw = False
103.5950 	DATA 	Keypress: right
103.6094 	EXP 	fixation: autoDraw = False
103.6094 	EXP 	grating: autoDraw = False
103.6094 	EXP 	grating: ori = 1.0
103.6094 	EXP 	fixation: autoDraw = True
104.0926 	EXP 	grating: autoDraw = True
104.1090 	EXP 	fixation: autoDraw = False
104.3926 	EXP 	grating: autoDraw = False
104.7453 	DATA 	Keypress: right
104.7591 	EXP 	fixation: autoDraw = False
104.7591 	EXP 	grating: autoDraw = False
104.7591 	EXP 	grating: ori = -1.0
104.7591 	EXP 	fixation: autoDraw = True
105.2425 	EXP 	grating: autoDraw = True
105.2589 	EXP 	fixation: autoDraw = False
105.5424 	EXP 	grating: autoDraw = False
106.0283 	DATA 	Keypress: left
106.0421 	EXP 	fixation: autoDraw = False
106.0421 	EXP 	grating: autoDraw = False
106.0421 	EXP 	grating: ori = 1.0
106.0421 	EXP 	fixation: autoDraw = True
106.5255 	EXP 	grating: autoDraw = True
106.5423 	EXP 	fixation: autoDraw = False
106.8262 	EXP 	grating: autoDraw = False
107.3959 	DATA 	Keypress: left
107.4086 	EXP 	fixation: autoDraw = False
107.4086 	EXP 	grating: autoDraw = False
107.4086 	EXP 	grating: ori = 1.5
107.4086 	EXP 	fixation: autoDraw = True
107.9088 	EXP 	fixation: autoDraw = False
107.9088 	EXP 	grating: autoDraw = True
108.2088 	EXP 	grating: autoDraw = False
108.5134 	DATA 	Keypress: right
108.5258 	EXP 	fixation: autoDraw = False
108.5258 	EXP 	grating: autoDraw = False
108.5258 	EXP 	grating: ori = -1.5
108.5258 	EXP 	fixation: autoDraw = True
109.0268 	EXP 	fixation: autoDraw = False
109.0268 	EXP 	grating: autoDraw = True
109.3427 	EXP 	grating: autoDraw = False
109.7451 	DATA 	Keypress: left
109.7593 	EXP 	fixation: autoDraw = False
109.7593 	EXP 	grating: autoDraw = False
109.7593 	EXP 	grating: ori = -1.5
109.7593 	EXP 	fixation: autoDraw = True
110.2418 	EXP 	grating: autoDraw = True
110.2590 	EXP 	fixation: autoDraw = False
110.5422 	EXP 	grating: autoDraw = False
111.0286 	DATA 	Keypress: left
111.0417 	EXP 	fixation: autoDraw = False
111.0417 	EXP 	grating: autoDraw = False
111.0417 	EXP 	grating: ori = 1.0
111.0417 	EXP 	fixation: autoDraw = True
111.5418 	EXP 	fixation: autoDraw = False
111.5418 	EXP 	grating: autoDraw = True
111.8421 	EXP 	grating: autoDraw = False
112.1289 	DATA 	Keypress: right
112.1425 	EXP 	fixation: autoDraw = False
112.1425 	EXP 	grating: autoDraw = False
112.1425 	EXP 	grating: ori = -1.0
112.1425 	EXP 	fixation: autoDraw = True
112.6420 	EXP 	fixation: autoDraw = False
112.6420 	EXP 	grating: autoDraw = True
112.9419 	EXP 	grating: autoDraw = False
113.5115 	DATA 	Keypress: left
113.5251 	EXP 	fixation: autoDraw = False
113.5251 	EXP 	grating: autoDraw = False
113.5251 	EXP 	grating: ori = 1.0
113.5251 	EXP 	fixation: autoDraw = True
114.0096 	EXP 	grating: autoDraw = True
114.0253 	EXP 	fixation: autoDraw = False
114.3087 	EXP 	grating: autoDraw = False
114.5783 	DATA 	Keypress: right
114.5916 	EXP 	fixation: autoDraw = False
114.5916 	EXP 	grating: autoDraw = False
114.5916 	EXP 	grating: ori = -0.5
114.5916 	EXP 	fixation: autoDraw = True
115.0749 	EXP 	grating: autoDraw = True
115.0916 	EXP 	fixation: autoDraw = False
115.3751 	EXP 	grating: autoDraw = False
115.9945 	DATA 	Keypress: left
116.0079 	EXP 	fixation: autoDraw = False
116.0079 	EXP 	grating: autoDraw = False
116.0079 	EXP 	grating: ori = 0.5
116.0079 	EXP 	fixation: autoDraw = True
116.5084 	EXP 	fixation: autoDraw = False
116.5084 	EXP 	grating: autoDraw = True
116.8082 	EXP 	grating: autoDraw = False
117.1462 	DATA 	Keypress: right
117.1581 	EXP 	fixation: autoDraw = False
117.1581 	EXP 	grating: autoDraw = False
117.1581 	EXP 	grating: ori = 0.5
117.1581 	EXP 	fixation: autoDraw = True
117.6584 	EXP 	fixation: autoDraw = False
117.6584 	EXP 	grating: autoDraw = True
117.9587 	EXP 	grating: autoDraw = False
118.2452 	DATA 	Keypress: left
118.2584 	EXP 	fixation: autoDraw = False
118.2584 	EXP 	grating: autoDraw = False
118.2584 	EXP 	grating: ori = 1.0
118.2584 	EXP 	fixation: autoDraw = True
118.7583 	EXP 	fixation: autoDraw = False
118.7583 	EXP 	grating: autoDraw = True
119.0583 	EXP 	grating: autoDraw = False
119.5277 	DATA 	Keypress: left
119.5418 	EXP 	fixation: autoDraw = False
119.5418 	EXP 	grating: autoDraw = False
119.5418 	EXP 	grating: ori = 1.5
119.5418 	EXP 	fixation: autoDraw = True
120.0416 	EXP 	fixation: autoDraw = False
120.0416 	EXP 	grating: autoDraw = True
120.3419 	EXP 	grating: autoDraw = False
121.0763 	DATA 	Keypress: right
121.0910 	EXP 	fixation: autoDraw = False
121.0910 	EXP 	grating: autoDraw = False
121.0910 	EXP 	grating: ori = 1.5
121.0910 	EXP 	fixation: autoDraw = True
121.5747 	EXP 	grating: autoDraw = True
121.5913 	EXP 	fixation: autoDraw = False
121.8753 	EXP 	grating: autoDraw = False
122.3104 	DATA 	Keypress: right
122.3246 	EXP 	fixation: autoDraw = False
122.3246 	EXP 	grating: autoDraw = False
122.3246 	EXP 	grating: ori = 1.5
122.3246 	EXP 	fixation: autoDraw = True
122.8081 	EXP 	grating: autoDraw = True
122.8246 	EXP 	fixation: autoDraw = False
123.1080 	EXP 	grating: autoDraw = False
123.4452 	DATA 	Keypress: right
123.4576 	EXP 	fixation: autoDraw = False
123.4576 	EXP 	grating: autoDraw = False
123.4576 	EXP 	grating: ori = 1.0
123.4576 	EXP 	fixation: autoDraw = True
123.9579 	EXP 	fixation: autoDraw = False
123.9579 	EXP 	grating: autoDraw = True
124.2581 	EXP 	grating: autoDraw = False
124.4600 	DATA 	Keypress: right
124.4742 	EXP 	fixation: autoDraw = False
124.4742 	EXP 	grating: autoDraw = False
124.4742 	EXP 	grating: ori = -1.0
124.4742 	EXP 	fixation: autoDraw = True
124.9584 	EXP 	grating: autoDraw = True
124.9748 	EXP 	fixation: autoDraw = False
125.2581 	EXP 	grating: autoDraw = False
125.4443 	DATA 	Keypress: right
125.4580 	EXP 	fixation: autoDraw = False
125.4580 	EXP 	grating: autoDraw = False
125.4580 	EXP 	grating: ori = -1.5
125.4580 	EXP 	fixation: autoDraw = True
125.9578 	EXP 	fixation: autoDraw = False
125.9578 	EXP 	grating: autoDraw = True
126.2581 	EXP 	grating: autoDraw = False
126.5287 	DATA 	Keypress: left
126.5413 	EXP 	fixation: autoDraw = False
126.5413 	EXP 	grating: autoDraw = False
126.5413 	EXP 	grating: ori = 1.5
126.5413 	EXP 	fixation: autoDraw = True
127.0408 	EXP 	fixation: autoDraw = False
127.0408 	EXP 	grating: autoDraw = True
127.3413 	EXP 	grating: autoDraw = False
127.6415 	DATA 	Keypress: right
127.6564 	EXP 	fixation: autoDraw = False
127.6564 	EXP 	grating: autoDraw = False
127.6564 	EXP 	grating: ori = 1.5
127.6564 	EXP 	fixation: autoDraw = True
128.1408 	EXP 	grating: autoDraw = True
128.1578 	EXP 	fixation: autoDraw = False
128.4410 	EXP 	grating: autoDraw = False
128.7430 	DATA 	Keypress: right
128.7572 	EXP 	fixation: autoDraw = False
128.7572 	EXP 	grating: autoDraw = False
128.7572 	EXP 	grating: ori = 1.0
128.7572 	EXP 	fixation: autoDraw = True
129.2574 	EXP 	fixation: autoDraw = False
129.2574 	EXP 	grating: autoDraw = True
129.5578 	EXP 	grating: autoDraw = False
129.8274 	DATA 	Keypress: right
129.8405 	EXP 	fixation: autoDraw = False
129.8405 	EXP 	grating: autoDraw = False
129.8405 	EXP 	grating: ori = -1.0
129.8405 	EXP 	fixation: autoDraw = True
130.3239 	EXP 	grating: autoDraw = True
130.3408 	EXP 	fixation: autoDraw = False
130.6241 	EXP 	grating: autoDraw = False
131.6276 	DATA 	Keypress: right
131.6409 	EXP 	fixation: autoDraw = False
131.6409 	EXP 	grating: autoDraw = False
131.6409 	EXP 	grating: ori = -1.5
131.6409 	EXP 	fixation: autoDraw = True
132.1409 	EXP 	fixation: autoDraw = False
132.1409 	EXP 	grating: autoDraw = True
132.4409 	EXP 	grating: autoDraw = False
132.6942 	DATA 	Keypress: right
132.7072 	EXP 	fixation: autoDraw = False
132.7072 	EXP 	grating: autoDraw = False
132.7072 	EXP 	grating: ori = -2.0
132.7072 	EXP 	fixation: autoDraw = True
133.2075 	EXP 	fixation: autoDraw = False
133.2075 	EXP 	grating: autoDraw = True
133.5073 	EXP 	grating: autoDraw = False
133.7779 	DATA 	Keypress: right
133.7908 	EXP 	fixation: autoDraw = False
133.7908 	EXP 	grating: autoDraw = False
133.7908 	EXP 	grating: ori = 2.5
133.7908 	EXP 	fixation: autoDraw = True
134.2905 	EXP 	fixation: autoDraw = False
134.2905 	EXP 	grating: autoDraw = True
134.5909 	EXP 	grating: autoDraw = False
134.9941 	DATA 	Keypress: right
135.0073 	EXP 	fixation: autoDraw = False
135.0073 	EXP 	grating: autoDraw = False
135.0073 	EXP 	grating: ori = -2.5
135.0073 	EXP 	fixation: autoDraw = True
135.4905 	EXP 	grating: autoDraw = True
135.5071 	EXP 	fixation: autoDraw = False
135.7906 	EXP 	grating: autoDraw = False
136.0441 	DATA 	Keypress: left
136.0575 	EXP 	fixation: autoDraw = False
136.0575 	EXP 	grating: autoDraw = False
136.0575 	EXP 	grating: ori = 2.5
136.0575 	EXP 	fixation: autoDraw = True
136.5408 	EXP 	grating: autoDraw = True
136.5571 	EXP 	fixation: autoDraw = False
136.8405 	EXP 	grating: autoDraw = False
137.1123 	DATA 	Keypress: right
137.1233 	EXP 	fixation: autoDraw = False
137.1233 	EXP 	grating: autoDraw = False
137.1233 	EXP 	grating: ori = 2.0
137.1233 	EXP 	fixation: autoDraw = True
137.6241 	EXP 	fixation: autoDraw = False
137.6241 	EXP 	grating: autoDraw = True
137.9239 	EXP 	grating: autoDraw = False
138.2599 	DATA 	Keypress: right
138.2735 	EXP 	fixation: autoDraw = False
138.2735 	EXP 	grating: autoDraw = False
138.2735 	EXP 	grating: ori = -2.0
138.2735 	EXP 	fixation: autoDraw = True
138.7568 	EXP 	grating: autoDraw = True
138.7740 	EXP 	fixation: autoDraw = False
139.0572 	EXP 	grating: autoDraw = False
139.3599 	DATA 	Keypress: left
139.3731 	EXP 	fixation: autoDraw = False
139.3731 	EXP 	grating: autoDraw = False
139.3731 	EXP 	grating: ori = -2.0
139.3731 	EXP 	fixation: autoDraw = True
139.8736 	EXP 	fixation: autoDraw = False
139.8736 	EXP 	grating: autoDraw = True
140.1735 	EXP 	grating: autoDraw = False
140.6599 	DATA 	Keypress: left
140.6730 	EXP 	fixation: autoDraw = False
140.6730 	EXP 	grating: autoDraw = False
140.6730 	EXP 	grating: ori = -1.5
140.6730 	EXP 	fixation: autoDraw = True
141.1734 	EXP 	fixation: autoDraw = False
141.1734 	EXP 	grating: autoDraw = True
141.4736 	EXP 	grating: autoDraw = False
141.5764 	DATA 	Keypress: right
141.5898 	EXP 	fixation: autoDraw = False
141.5898 	EXP 	grating: autoDraw = False
141.5898 	EXP 	grating: ori = 2.0
141.5898 	EXP 	fixation: autoDraw = True
142.0900 	EXP 	fixation: autoDraw = False
142.0900 	EXP 	grating: autoDraw = True
142.3903 	EXP 	grating: autoDraw = False
142.8102 	DATA 	Keypress: left
142.8235 	EXP 	fixation: autoDraw = False
142.8235 	EXP 	grating: autoDraw = False
142.8235 	EXP 	grating: ori = 2.5
142.8235 	EXP 	fixation: autoDraw = True
143.3227 	EXP 	fixation: autoDraw = False
143.3227 	EXP 	grating: autoDraw = True
143.6234 	EXP 	grating: autoDraw = False
144.1431 	DATA 	Keypress: right
144.1560 	EXP 	fixation: autoDraw = False
144.1560 	EXP 	grating: autoDraw = False
144.1560 	EXP 	grating: ori = -2.5
144.1560 	EXP 	fixation: autoDraw = True
144.6567 	EXP 	fixation: autoDraw = False
144.6567 	EXP 	grating: autoDraw = True
144.9569 	EXP 	grating: autoDraw = False
145.4926 	DATA 	Keypress: left
145.5062 	EXP 	fixation: autoDraw = False
145.5062 	EXP 	grating: autoDraw = False
145.5062 	EXP 	grating: ori = -2.5
145.5062 	EXP 	fixation: autoDraw = True
145.9901 	EXP 	grating: autoDraw = True
146.0064 	EXP 	fixation: autoDraw = False
146.2899 	EXP 	grating: autoDraw = False
146.8097 	DATA 	Keypress: left
146.8228 	EXP 	fixation: autoDraw = False
146.8228 	EXP 	grating: autoDraw = False
146.8228 	EXP 	grating: ori = 2.0
146.8228 	EXP 	fixation: autoDraw = True
147.3231 	EXP 	fixation: autoDraw = False
147.3231 	EXP 	grating: autoDraw = True
147.6233 	EXP 	grating: autoDraw = False
147.9264 	DATA 	Keypress: right
147.9399 	EXP 	fixation: autoDraw = False
147.9399 	EXP 	grating: autoDraw = False
147.9399 	EXP 	grating: ori = 2.0
147.9399 	EXP 	fixation: autoDraw = True
148.4396 	EXP 	fixation: autoDraw = False
148.4396 	EXP 	grating: autoDraw = True
148.7398 	EXP 	grating: autoDraw = False
149.0428 	DATA 	Keypress: right
149.0560 	EXP 	fixation: autoDraw = False
149.0560 	EXP 	grating: autoDraw = False
149.0560 	EXP 	grating: ori = -2.0
149.0560 	EXP 	fixation: autoDraw = True
149.5399 	EXP 	grating: autoDraw = True
149.5565 	EXP 	fixation: autoDraw = False
149.8399 	EXP 	grating: autoDraw = False
150.9769 	DATA 	Keypress: left
150.9896 	EXP 	fixation: autoDraw = False
150.9896 	EXP 	grating: autoDraw = False
150.9896 	EXP 	grating: ori = -1.5
150.9896 	EXP 	fixation: autoDraw = True
151.4896 	EXP 	fixation: autoDraw = False
151.4896 	EXP 	grating: autoDraw = True
151.7896 	EXP 	grating: autoDraw = False
152.0929 	DATA 	Keypress: right
152.1063 	EXP 	fixation: autoDraw = False
152.1063 	EXP 	grating: autoDraw = False
152.1063 	EXP 	grating: ori = -2.0
152.1063 	EXP 	fixation: autoDraw = True
152.6065 	EXP 	fixation: autoDraw = False
152.6065 	EXP 	grating: autoDraw = True
152.9063 	EXP 	grating: autoDraw = False
153.2426 	DATA 	Keypress: left
153.2562 	EXP 	fixation: autoDraw = False
153.2562 	EXP 	grating: autoDraw = False
153.2562 	EXP 	grating: ori = 2.0
153.2562 	EXP 	fixation: autoDraw = True
153.7561 	EXP 	fixation: autoDraw = False
153.7561 	EXP 	grating: autoDraw = True
154.0563 	EXP 	grating: autoDraw = False
154.3099 	DATA 	Keypress: right
154.3222 	EXP 	fixation: autoDraw = False
154.3222 	EXP 	grating: autoDraw = False
154.3222 	EXP 	grating: ori = -2.0
154.3222 	EXP 	fixation: autoDraw = True
154.8229 	EXP 	fixation: autoDraw = False
154.8229 	EXP 	grating: autoDraw = True
155.1227 	EXP 	grating: autoDraw = False
155.5929 	DATA 	Keypress: left
155.6061 	EXP 	fixation: autoDraw = False
155.6061 	EXP 	grating: autoDraw = False
155.6061 	EXP 	grating: ori = -1.5
155.6061 	EXP 	fixation: autoDraw = True
156.1059 	EXP 	fixation: autoDraw = False
156.1059 	EXP 	grating: autoDraw = True
156.4058 	EXP 	grating: autoDraw = False
158.0263 	DATA 	Keypress: left
158.0389 	EXP 	fixation: autoDraw = False
158.0389 	EXP 	grating: autoDraw = False
158.0389 	EXP 	grating: ori = -1.5
158.0389 	EXP 	fixation: autoDraw = True
158.5394 	EXP 	fixation: autoDraw = False
158.5394 	EXP 	grating: autoDraw = True
158.8390 	EXP 	grating: autoDraw = False
160.4590 	DATA 	Keypress: left
160.4718 	EXP 	fixation: autoDraw = False
160.4718 	EXP 	grating: autoDraw = False
160.4718 	EXP 	grating: ori = -1.5
160.4718 	EXP 	fixation: autoDraw = True
160.9725 	EXP 	fixation: autoDraw = False
160.9725 	EXP 	grating: autoDraw = True
161.2722 	EXP 	grating: autoDraw = False
161.7753 	DATA 	Keypress: right
161.7893 	EXP 	fixation: autoDraw = False
161.7893 	EXP 	grating: autoDraw = False
161.7893 	EXP 	grating: ori = 2.0
161.7893 	EXP 	fixation: autoDraw = True
162.2724 	EXP 	grating: autoDraw = True
162.2884 	EXP 	fixation: autoDraw = False
162.5724 	EXP 	grating: autoDraw = False
162.9591 	DATA 	Keypress: right
162.9722 	EXP 	fixation: autoDraw = False
162.9722 	EXP 	grating: autoDraw = False
162.9722 	EXP 	grating: ori = -2.0
162.9722 	EXP 	fixation: autoDraw = True
163.4724 	EXP 	fixation: autoDraw = False
163.4724 	EXP 	grating: autoDraw = True
163.7724 	EXP 	grating: autoDraw = False
164.1091 	DATA 	Keypress: left
164.1223 	EXP 	fixation: autoDraw = False
164.1223 	EXP 	grating: autoDraw = False
164.1223 	EXP 	grating: ori = 2.0
164.1223 	EXP 	fixation: autoDraw = True
164.6221 	EXP 	fixation: autoDraw = False
164.6221 	EXP 	grating: autoDraw = True
164.9221 	EXP 	grating: autoDraw = False
165.4090 	DATA 	Keypress: right
165.4219 	EXP 	fixation: autoDraw = False
165.4219 	EXP 	grating: autoDraw = False
165.4219 	EXP 	grating: ori = 1.5
165.4219 	EXP 	fixation: autoDraw = True
165.9219 	EXP 	fixation: autoDraw = False
165.9219 	EXP 	grating: autoDraw = True
166.2221 	EXP 	grating: autoDraw = False
166.9752 	DATA 	Keypress: left
166.9902 	EXP 	fixation: autoDraw = False
166.9902 	EXP 	grating: autoDraw = False
166.9902 	EXP 	grating: ori = -2.0
166.9902 	EXP 	fixation: autoDraw = True
167.4718 	EXP 	grating: autoDraw = True
167.5049 	EXP 	fixation: autoDraw = False
167.7720 	EXP 	grating: autoDraw = False
168.2415 	DATA 	Keypress: left
168.2548 	EXP 	fixation: autoDraw = False
168.2548 	EXP 	grating: autoDraw = False
168.2548 	EXP 	grating: ori = 2.0
168.2548 	EXP 	fixation: autoDraw = True
168.7549 	EXP 	fixation: autoDraw = False
168.7549 	EXP 	grating: autoDraw = True
169.0554 	EXP 	grating: autoDraw = False
170.5583 	DATA 	Keypress: left
170.5713 	EXP 	fixation: autoDraw = False
170.5713 	EXP 	grating: autoDraw = False
170.5713 	EXP 	grating: ori = -2.5
170.5713 	EXP 	fixation: autoDraw = True
171.0547 	EXP 	grating: autoDraw = True
171.0716 	EXP 	fixation: autoDraw = False
171.3552 	EXP 	grating: autoDraw = False
172.0915 	DATA 	Keypress: left
172.1044 	EXP 	fixation: autoDraw = False
172.1044 	EXP 	grating: autoDraw = False
172.1044 	EXP 	grating: ori = -2.5
172.1044 	EXP 	fixation: autoDraw = True
172.6053 	EXP 	fixation: autoDraw = False
172.6053 	EXP 	grating: autoDraw = True
172.9051 	EXP 	grating: autoDraw = False
173.5749 	DATA 	Keypress: left
173.5878 	EXP 	fixation: autoDraw = False
173.5878 	EXP 	grating: autoDraw = False
173.5878 	EXP 	grating: ori = 2.5
173.5878 	EXP 	fixation: autoDraw = True
174.0879 	EXP 	fixation: autoDraw = False
174.0879 	EXP 	grating: autoDraw = True
174.3883 	EXP 	grating: autoDraw = False
174.9080 	DATA 	Keypress: right
174.9220 	EXP 	fixation: autoDraw = False
174.9220 	EXP 	grating: autoDraw = False
174.9220 	EXP 	grating: ori = 2.0
174.9220 	EXP 	fixation: autoDraw = True
175.4218 	EXP 	fixation: autoDraw = False
175.4218 	EXP 	grating: autoDraw = True
175.7215 	EXP 	grating: autoDraw = False
176.0244 	DATA 	Keypress: right
176.0374 	EXP 	fixation: autoDraw = False
176.0374 	EXP 	grating: autoDraw = False
176.0374 	EXP 	grating: ori = 2.0
176.0374 	EXP 	fixation: autoDraw = True
176.5384 	EXP 	fixation: autoDraw = False
176.5384 	EXP 	grating: autoDraw = True
176.8381 	EXP 	grating: autoDraw = False
177.1248 	DATA 	Keypress: right
177.1381 	EXP 	fixation: autoDraw = False
177.1381 	EXP 	grating: autoDraw = False
177.1381 	EXP 	grating: ori = -2.0
177.1381 	EXP 	fixation: autoDraw = True
177.6379 	EXP 	fixation: autoDraw = False
177.6379 	EXP 	grating: autoDraw = True
177.9381 	EXP 	grating: autoDraw = False
178.2081 	DATA 	Keypress: left
178.2216 	EXP 	fixation: autoDraw = False
178.2216 	EXP 	grating: autoDraw = False
178.2216 	EXP 	grating: ori = 1.5
178.2216 	EXP 	fixation: autoDraw = True
178.7212 	EXP 	fixation: autoDraw = False
178.7212 	EXP 	grating: autoDraw = True
179.0213 	EXP 	grating: autoDraw = False
180.3578 	DATA 	Keypress: right
180.3711 	EXP 	fixation: autoDraw = False
180.3711 	EXP 	grating: autoDraw = False
180.3711 	EXP 	grating: ori = -1.5
180.3711 	EXP 	fixation: autoDraw = True
180.8711 	EXP 	fixation: autoDraw = False
180.8711 	EXP 	grating: autoDraw = True
181.1712 	EXP 	grating: autoDraw = False
181.4888 	DATA 	Keypress: left
181.5041 	EXP 	fixation: autoDraw = False
181.5041 	EXP 	grating: autoDraw = False
181.5041 	EXP 	grating: ori = -1.5
181.5041 	EXP 	fixation: autoDraw = True
181.9876 	EXP 	grating: autoDraw = True
182.0046 	EXP 	fixation: autoDraw = False
182.2879 	EXP 	grating: autoDraw = False
182.7247 	DATA 	Keypress: left
182.7377 	EXP 	fixation: autoDraw = False
182.7377 	EXP 	grating: autoDraw = False
182.7377 	EXP 	grating: ori = 1.0
182.7377 	EXP 	fixation: autoDraw = True
183.2377 	EXP 	fixation: autoDraw = False
183.2377 	EXP 	grating: autoDraw = True
183.5376 	EXP 	grating: autoDraw = False
184.5745 	DATA 	Keypress: left
184.5874 	EXP 	fixation: autoDraw = False
184.5874 	EXP 	grating: autoDraw = False
184.5874 	EXP 	grating: ori = 1.5
184.5874 	EXP 	fixation: autoDraw = True
185.0873 	EXP 	fixation: autoDraw = False
185.0873 	EXP 	grating: autoDraw = True
185.3876 	EXP 	grating: autoDraw = False
185.6238 	DATA 	Keypress: right
185.6374 	EXP 	fixation: autoDraw = False
185.6374 	EXP 	grating: autoDraw = False
185.6374 	EXP 	grating: ori = 1.5
185.6374 	EXP 	fixation: autoDraw = True
186.1204 	EXP 	grating: autoDraw = True
186.1373 	EXP 	fixation: autoDraw = False
186.4208 	EXP 	grating: autoDraw = False
186.7409 	DATA 	Keypress: right
186.7540 	EXP 	fixation: autoDraw = False
186.7540 	EXP 	grating: autoDraw = False
186.7540 	EXP 	grating: ori = 1.5
186.7540 	EXP 	fixation: autoDraw = True
187.2536 	EXP 	fixation: autoDraw = False
187.2536 	EXP 	grating: autoDraw = True
187.5682 	EXP 	grating: autoDraw = False
187.8079 	DATA 	Keypress: right
187.8203 	EXP 	fixation: autoDraw = False
187.8203 	EXP 	grating: autoDraw = False
187.8203 	EXP 	grating: ori = -1.0
187.8203 	EXP 	fixation: autoDraw = True
188.3204 	EXP 	fixation: autoDraw = False
188.3204 	EXP 	grating: autoDraw = True
188.6207 	EXP 	grating: autoDraw = False
188.7576 	DATA 	Keypress: left
188.7710 	EXP 	fixation: autoDraw = False
188.7710 	EXP 	grating: autoDraw = False
188.7710 	EXP 	grating: ori = -1.0
188.7710 	EXP 	fixation: autoDraw = True
189.2703 	EXP 	fixation: autoDraw = False
189.2703 	EXP 	grating: autoDraw = True
189.5704 	EXP 	grating: autoDraw = False
189.9237 	DATA 	Keypress: left
189.9370 	EXP 	fixation: autoDraw = False
189.9370 	EXP 	grating: autoDraw = False
189.9370 	EXP 	grating: ori = 1.0
189.9370 	EXP 	fixation: autoDraw = True
190.4373 	EXP 	fixation: autoDraw = False
190.4373 	EXP 	grating: autoDraw = True
190.7372 	EXP 	grating: autoDraw = False
191.2068 	DATA 	Keypress: left
191.2200 	EXP 	fixation: autoDraw = False
191.2200 	EXP 	grating: autoDraw = False
191.2200 	EXP 	grating: ori = -1.5
191.2200 	EXP 	fixation: autoDraw = True
191.7037 	EXP 	grating: autoDraw = True
191.7207 	EXP 	fixation: autoDraw = False
192.0039 	EXP 	grating: autoDraw = False
192.3406 	DATA 	Keypress: left
192.3539 	EXP 	fixation: autoDraw = False
192.3539 	EXP 	grating: autoDraw = False
192.3539 	EXP 	grating: ori = 1.5
192.3539 	EXP 	fixation: autoDraw = True
192.8538 	EXP 	fixation: autoDraw = False
192.8538 	EXP 	grating: autoDraw = True
193.1537 	EXP 	grating: autoDraw = False
193.3396 	DATA 	Keypress: right
193.3542 	EXP 	fixation: autoDraw = False
193.3542 	EXP 	grating: autoDraw = False
193.3542 	EXP 	grating: ori = -1.5
193.3542 	EXP 	fixation: autoDraw = True
193.8373 	EXP 	grating: autoDraw = True
193.8536 	EXP 	fixation: autoDraw = False
194.1368 	EXP 	grating: autoDraw = False
194.4233 	DATA 	Keypress: left
194.4363 	EXP 	fixation: autoDraw = False
194.4363 	EXP 	grating: autoDraw = False
194.4363 	EXP 	grating: ori = 1.0
194.4363 	EXP 	fixation: autoDraw = True
194.9370 	EXP 	fixation: autoDraw = False
194.9370 	EXP 	grating: autoDraw = True
195.2369 	EXP 	grating: autoDraw = False
195.6403 	DATA 	Keypress: right
195.6535 	EXP 	fixation: autoDraw = False
195.6535 	EXP 	grating: autoDraw = False
195.6535 	EXP 	grating: ori = 1.0
195.6535 	EXP 	fixation: autoDraw = True
196.1535 	EXP 	fixation: autoDraw = False
196.1535 	EXP 	grating: autoDraw = True
196.4536 	EXP 	grating: autoDraw = False
196.8234 	DATA 	Keypress: right
196.8364 	EXP 	fixation: autoDraw = False
196.8364 	EXP 	grating: autoDraw = False
196.8364 	EXP 	grating: ori = -1.0
196.8364 	EXP 	fixation: autoDraw = True
197.3369 	EXP 	fixation: autoDraw = False
197.3369 	EXP 	grating: autoDraw = True
197.6366 	EXP 	grating: autoDraw = False
198.0568 	DATA 	Keypress: left
198.0703 	EXP 	fixation: autoDraw = False
198.0703 	EXP 	grating: autoDraw = False
198.0703 	EXP 	grating: ori = 0.5
198.0703 	EXP 	fixation: autoDraw = True
198.5699 	EXP 	fixation: autoDraw = False
198.5699 	EXP 	grating: autoDraw = True
198.8702 	EXP 	grating: autoDraw = False
199.5213 	DATA 	Keypress: right
199.5368 	EXP 	fixation: autoDraw = False
199.5368 	EXP 	grating: autoDraw = False
199.5368 	EXP 	grating: ori = -0.5
199.5368 	EXP 	fixation: autoDraw = True
200.0202 	EXP 	grating: autoDraw = True
200.0366 	EXP 	fixation: autoDraw = False
200.3200 	EXP 	grating: autoDraw = False
200.6236 	DATA 	Keypress: left
200.6368 	EXP 	fixation: autoDraw = False
200.6368 	EXP 	grating: autoDraw = False
200.6368 	EXP 	grating: ori = 0.5
200.6368 	EXP 	fixation: autoDraw = True
201.1365 	EXP 	fixation: autoDraw = False
201.1365 	EXP 	grating: autoDraw = True
201.4364 	EXP 	grating: autoDraw = False
201.8899 	DATA 	Keypress: right
201.9031 	EXP 	fixation: autoDraw = False
201.9031 	EXP 	grating: autoDraw = False
201.9031 	EXP 	grating: ori = 0.0
201.9031 	EXP 	fixation: autoDraw = True
202.4032 	EXP 	fixation: autoDraw = False
202.4032 	EXP 	grating: autoDraw = True
202.7031 	EXP 	grating: autoDraw = False
203.0402 	DATA 	Keypress: left
203.0531 	EXP 	fixation: autoDraw = False
203.0531 	EXP 	grating: autoDraw = False
203.0531 	EXP 	grating: ori = 0.0
203.0531 	EXP 	fixation: autoDraw = True
203.5530 	EXP 	fixation: autoDraw = False
203.5530 	EXP 	grating: autoDraw = True
203.8530 	EXP 	grating: autoDraw = False
204.0229 	DATA 	Keypress: right
204.0358 	EXP 	fixation: autoDraw = False
204.0358 	EXP 	grating: autoDraw = False
204.0358 	EXP 	grating: ori = -0.5
204.0358 	EXP 	fixation: autoDraw = True
204.5361 	EXP 	fixation: autoDraw = False
204.5361 	EXP 	grating: autoDraw = True
204.8364 	EXP 	grating: autoDraw = False
205.0223 	DATA 	Keypress: left
205.0357 	EXP 	fixation: autoDraw = False
205.0357 	EXP 	grating: autoDraw = False
205.0357 	EXP 	grating: ori = 0.5
205.0357 	EXP 	fixation: autoDraw = True
205.5354 	EXP 	fixation: autoDraw = False
205.5354 	EXP 	grating: autoDraw = True
205.8362 	EXP 	grating: autoDraw = False
206.1058 	DATA 	Keypress: right
206.1193 	EXP 	fixation: autoDraw = False
206.1193 	EXP 	grating: autoDraw = False
206.1193 	EXP 	grating: ori = 0.5
206.1193 	EXP 	fixation: autoDraw = True
206.6025 	EXP 	grating: autoDraw = True
206.6192 	EXP 	fixation: autoDraw = False
206.9028 	EXP 	grating: autoDraw = False
207.4393 	DATA 	Keypress: right
207.4521 	EXP 	fixation: autoDraw = False
207.4521 	EXP 	grating: autoDraw = False
207.4521 	EXP 	grating: ori = 0.0
207.4521 	EXP 	fixation: autoDraw = True
207.9528 	EXP 	fixation: autoDraw = False
207.9528 	EXP 	grating: autoDraw = True
208.2529 	EXP 	grating: autoDraw = False
208.7565 	DATA 	Keypress: left
208.7691 	EXP 	fixation: autoDraw = False
208.7691 	EXP 	grating: autoDraw = False
208.7691 	EXP 	grating: ori = 0.0
208.7691 	EXP 	fixation: autoDraw = True
209.2690 	EXP 	fixation: autoDraw = False
209.2690 	EXP 	grating: autoDraw = True
209.5697 	EXP 	grating: autoDraw = False
209.9561 	DATA 	Keypress: right
209.9693 	EXP 	fixation: autoDraw = False
209.9693 	EXP 	grating: autoDraw = False
209.9693 	EXP 	grating: ori = 0.5
209.9693 	EXP 	fixation: autoDraw = True
210.4696 	EXP 	fixation: autoDraw = False
210.4696 	EXP 	grating: autoDraw = True
210.7693 	EXP 	grating: autoDraw = False
211.3223 	DATA 	Keypress: right
211.3358 	EXP 	fixation: autoDraw = False
211.3358 	EXP 	grating: autoDraw = False
211.3358 	EXP 	grating: ori = -0.5
211.3358 	EXP 	fixation: autoDraw = True
211.8359 	EXP 	fixation: autoDraw = False
211.8359 	EXP 	grating: autoDraw = True
212.1357 	EXP 	grating: autoDraw = False
212.9900 	DATA 	Keypress: left
213.0026 	EXP 	fixation: autoDraw = False
213.0026 	EXP 	grating: autoDraw = False
213.0026 	EXP 	grating: ori = -0.5
213.0026 	EXP 	fixation: autoDraw = True
213.5023 	EXP 	fixation: autoDraw = False
213.5023 	EXP 	grating: autoDraw = True
213.8025 	EXP 	grating: autoDraw = False
214.3394 	DATA 	Keypress: left
214.3524 	EXP 	fixation: autoDraw = False
214.3524 	EXP 	grating: autoDraw = False
214.3524 	EXP 	grating: ori = -0.0
214.3524 	EXP 	fixation: autoDraw = True
214.8522 	EXP 	fixation: autoDraw = False
214.8522 	EXP 	grating: autoDraw = True
215.1525 	EXP 	grating: autoDraw = False
215.5226 	DATA 	Keypress: left
215.5347 	EXP 	fixation: autoDraw = False
215.5347 	EXP 	grating: autoDraw = False
215.5347 	EXP 	grating: ori = -0.0
215.5347 	EXP 	fixation: autoDraw = True
216.0356 	EXP 	fixation: autoDraw = False
216.0356 	EXP 	grating: autoDraw = True
216.3354 	EXP 	grating: autoDraw = False
216.6552 	DATA 	Keypress: left
216.6684 	EXP 	fixation: autoDraw = False
216.6684 	EXP 	grating: autoDraw = False
216.6684 	EXP 	grating: ori = 0.0
216.6684 	EXP 	fixation: autoDraw = True
217.1687 	EXP 	fixation: autoDraw = False
217.1687 	EXP 	grating: autoDraw = True
217.4689 	EXP 	grating: autoDraw = False
218.0886 	DATA 	Keypress: right
218.1017 	EXP 	fixation: autoDraw = False
218.1017 	EXP 	grating: autoDraw = False
218.1017 	EXP 	grating: ori = 0.0
218.1017 	EXP 	fixation: autoDraw = True
218.6022 	EXP 	fixation: autoDraw = False
218.6022 	EXP 	grating: autoDraw = True
218.9017 	EXP 	grating: autoDraw = False
219.3887 	DATA 	Keypress: right
219.4015 	EXP 	fixation: autoDraw = False
219.4015 	EXP 	grating: autoDraw = False
219.4015 	EXP 	grating: ori = 0.5
219.4015 	EXP 	fixation: autoDraw = True
219.9020 	EXP 	fixation: autoDraw = False
219.9020 	EXP 	grating: autoDraw = True
220.2021 	EXP 	grating: autoDraw = False
220.9211 	DATA 	Keypress: right
220.9354 	EXP 	fixation: autoDraw = False
220.9354 	EXP 	grating: autoDraw = False
220.9354 	EXP 	grating: ori = -0.5
220.9354 	EXP 	fixation: autoDraw = True
221.4183 	EXP 	grating: autoDraw = True
221.4351 	EXP 	fixation: autoDraw = False
221.7187 	EXP 	grating: autoDraw = False
222.5045 	DATA 	Keypress: left
222.5179 	EXP 	fixation: autoDraw = False
222.5179 	EXP 	grating: autoDraw = False
222.5179 	EXP 	grating: ori = -0.5
222.5179 	EXP 	fixation: autoDraw = True
223.0018 	EXP 	grating: autoDraw = True
223.0184 	EXP 	fixation: autoDraw = False
223.3018 	EXP 	grating: autoDraw = False
223.6554 	DATA 	Keypress: left
223.6686 	EXP 	fixation: autoDraw = False
223.6686 	EXP 	grating: autoDraw = False
223.6686 	EXP 	grating: ori = -0.0
223.6686 	EXP 	fixation: autoDraw = True
224.1684 	EXP 	fixation: autoDraw = False
224.1684 	EXP 	grating: autoDraw = True
224.4685 	EXP 	grating: autoDraw = False
224.7388 	DATA 	Keypress: right
224.7519 	EXP 	fixation: autoDraw = False
224.7519 	EXP 	grating: autoDraw = False
224.7519 	EXP 	grating: ori = -0.5
224.7519 	EXP 	fixation: autoDraw = True
225.2516 	EXP 	fixation: autoDraw = False
225.2516 	EXP 	grating: autoDraw = True
225.5519 	EXP 	grating: autoDraw = False
226.0049 	DATA 	Keypress: right
226.0184 	EXP 	fixation: autoDraw = False
226.0184 	EXP 	grating: autoDraw = False
226.0184 	EXP 	grating: ori = -1.0
226.0184 	EXP 	fixation: autoDraw = True
226.5178 	EXP 	fixation: autoDraw = False
226.5178 	EXP 	grating: autoDraw = True
226.8182 	EXP 	grating: autoDraw = False
228.0550 	DATA 	Keypress: left
228.0681 	EXP 	fixation: autoDraw = False
228.0681 	EXP 	grating: autoDraw = False
228.0681 	EXP 	grating: ori = 1.0
228.0681 	EXP 	fixation: autoDraw = True
228.5683 	EXP 	fixation: autoDraw = False
228.5683 	EXP 	grating: autoDraw = True
228.8679 	EXP 	grating: autoDraw = False
230.0041 	DATA 	Keypress: left
230.0179 	EXP 	fixation: autoDraw = False
230.0179 	EXP 	grating: autoDraw = False
230.0179 	EXP 	grating: ori = 1.5
230.0179 	EXP 	fixation: autoDraw = True
230.5009 	EXP 	grating: autoDraw = True
230.5176 	EXP 	fixation: autoDraw = False
230.8015 	EXP 	grating: autoDraw = False
232.0050 	DATA 	Keypress: left
232.0178 	EXP 	fixation: autoDraw = False
232.0178 	EXP 	grating: autoDraw = False
232.0178 	EXP 	grating: ori = -2.0
232.0178 	EXP 	fixation: autoDraw = True
232.5179 	EXP 	fixation: autoDraw = False
232.5179 	EXP 	grating: autoDraw = True
232.8180 	EXP 	grating: autoDraw = False
233.2044 	DATA 	Keypress: left
233.2175 	EXP 	fixation: autoDraw = False
233.2175 	EXP 	grating: autoDraw = False
233.2175 	EXP 	grating: ori = 2.0
233.2175 	EXP 	fixation: autoDraw = True
233.7179 	EXP 	fixation: autoDraw = False
233.7179 	EXP 	grating: autoDraw = True
234.0179 	EXP 	grating: autoDraw = False
234.4510 	DATA 	Keypress: right
234.4665 	EXP 	fixation: autoDraw = False
234.4665 	EXP 	grating: autoDraw = False
234.4665 	EXP 	grating: ori = -2.0
234.4665 	EXP 	fixation: autoDraw = True
234.9508 	EXP 	grating: autoDraw = True
234.9674 	EXP 	fixation: autoDraw = False
235.2506 	EXP 	grating: autoDraw = False
235.7211 	DATA 	Keypress: left
235.7351 	EXP 	fixation: autoDraw = False
235.7351 	EXP 	grating: autoDraw = False
235.7351 	EXP 	grating: ori = -1.5
235.7351 	EXP 	fixation: autoDraw = True
236.2346 	EXP 	fixation: autoDraw = False
236.2346 	EXP 	grating: autoDraw = True
236.5344 	EXP 	grating: autoDraw = False
236.8870 	DATA 	Keypress: left
236.9006 	EXP 	fixation: autoDraw = False
236.9006 	EXP 	grating: autoDraw = False
236.9006 	EXP 	grating: ori = -1.5
236.9006 	EXP 	fixation: autoDraw = True
237.3840 	EXP 	grating: autoDraw = True
237.4008 	EXP 	fixation: autoDraw = False
237.6843 	EXP 	grating: autoDraw = False
238.0701 	DATA 	Keypress: left
238.0838 	EXP 	fixation: autoDraw = False
238.0838 	EXP 	grating: autoDraw = False
238.0838 	EXP 	grating: ori = -1.5
238.0838 	EXP 	fixation: autoDraw = True
238.5677 	EXP 	grating: autoDraw = True
238.5841 	EXP 	fixation: autoDraw = False
238.8675 	EXP 	grating: autoDraw = False
239.4704 	DATA 	Keypress: left
239.4839 	EXP 	fixation: autoDraw = False
239.4839 	EXP 	grating: autoDraw = False
239.4839 	EXP 	grating: ori = 1.0
239.4839 	EXP 	fixation: autoDraw = True
239.9676 	EXP 	grating: autoDraw = True
239.9840 	EXP 	fixation: autoDraw = False
240.2676 	EXP 	grating: autoDraw = False
241.0872 	DATA 	Keypress: left
241.1005 	EXP 	fixation: autoDraw = False
241.1005 	EXP 	grating: autoDraw = False
241.1005 	EXP 	grating: ori = -1.5
241.1005 	EXP 	fixation: autoDraw = True
241.6004 	EXP 	fixation: autoDraw = False
241.6004 	EXP 	grating: autoDraw = True
241.9007 	EXP 	grating: autoDraw = False
242.3045 	DATA 	Keypress: left
242.3169 	EXP 	fixation: autoDraw = False
242.3169 	EXP 	grating: autoDraw = False
242.3169 	EXP 	grating: ori = 1.5
242.3169 	EXP 	fixation: autoDraw = True
242.8167 	EXP 	fixation: autoDraw = False
242.8167 	EXP 	grating: autoDraw = True
243.1175 	EXP 	grating: autoDraw = False
243.9536 	DATA 	Keypress: left
243.9667 	EXP 	fixation: autoDraw = False
243.9667 	EXP 	grating: autoDraw = False
243.9667 	EXP 	grating: ori = -2.0
243.9667 	EXP 	fixation: autoDraw = True
244.4509 	EXP 	grating: autoDraw = True
244.4672 	EXP 	fixation: autoDraw = False
244.7505 	EXP 	grating: autoDraw = False
245.2208 	DATA 	Keypress: left
245.2339 	EXP 	fixation: autoDraw = False
245.2339 	EXP 	grating: autoDraw = False
245.2339 	EXP 	grating: ori = 2.0
245.2339 	EXP 	fixation: autoDraw = True
245.7167 	EXP 	grating: autoDraw = True
245.7364 	EXP 	fixation: autoDraw = False
246.0172 	EXP 	grating: autoDraw = False
246.2532 	DATA 	Keypress: right
246.2668 	EXP 	fixation: autoDraw = False
246.2668 	EXP 	grating: autoDraw = False
246.2668 	EXP 	grating: ori = 2.0
246.2668 	EXP 	fixation: autoDraw = True
246.7500 	EXP 	grating: autoDraw = True
246.7669 	EXP 	fixation: autoDraw = False
247.0504 	EXP 	grating: autoDraw = False
247.2364 	DATA 	Keypress: right
247.2498 	EXP 	fixation: autoDraw = False
247.2498 	EXP 	grating: autoDraw = False
247.2498 	EXP 	grating: ori = 1.5
247.2498 	EXP 	fixation: autoDraw = True
247.7500 	EXP 	fixation: autoDraw = False
247.7500 	EXP 	grating: autoDraw = True
248.0506 	EXP 	grating: autoDraw = False
248.4534 	DATA 	Keypress: right
248.4674 	EXP 	fixation: autoDraw = False
248.4674 	EXP 	grating: autoDraw = False
248.4674 	EXP 	grating: ori = 1.5
248.4674 	EXP 	fixation: autoDraw = True
248.9669 	EXP 	fixation: autoDraw = False
248.9669 	EXP 	grating: autoDraw = True
249.2670 	EXP 	grating: autoDraw = False
249.4015 	DATA 	Keypress: right
249.4169 	EXP 	fixation: autoDraw = False
249.4169 	EXP 	grating: autoDraw = False
249.4169 	EXP 	grating: ori = -1.5
249.4169 	EXP 	fixation: autoDraw = True
249.8997 	EXP 	grating: autoDraw = True
249.9165 	EXP 	fixation: autoDraw = False
250.2001 	EXP 	grating: autoDraw = False
250.4200 	DATA 	Keypress: left
250.4334 	EXP 	fixation: autoDraw = False
250.4334 	EXP 	grating: autoDraw = False
250.4334 	EXP 	grating: ori = 1.0
250.4334 	EXP 	fixation: autoDraw = True
250.9164 	EXP 	grating: autoDraw = True
250.9333 	EXP 	fixation: autoDraw = False
251.2169 	EXP 	grating: autoDraw = False
251.5206 	DATA 	Keypress: right
251.5334 	EXP 	fixation: autoDraw = False
251.5334 	EXP 	grating: autoDraw = False
251.5334 	EXP 	grating: ori = -1.0
251.5334 	EXP 	fixation: autoDraw = True
252.0334 	EXP 	fixation: autoDraw = False
252.0334 	EXP 	grating: autoDraw = True
252.3333 	EXP 	grating: autoDraw = False
253.1535 	DATA 	Keypress: right
253.1661 	EXP 	fixation: autoDraw = False
253.1661 	EXP 	grating: autoDraw = False
253.1661 	EXP 	grating: ori = 1.5
253.1661 	EXP 	fixation: autoDraw = True
253.6499 	EXP 	grating: autoDraw = True
253.6665 	EXP 	fixation: autoDraw = False
253.9498 	EXP 	grating: autoDraw = False
254.3041 	DATA 	Keypress: right
254.3164 	EXP 	fixation: autoDraw = False
254.3164 	EXP 	grating: autoDraw = False
254.3164 	EXP 	grating: ori = -1.5
254.3164 	EXP 	fixation: autoDraw = True
254.8166 	EXP 	fixation: autoDraw = False
254.8166 	EXP 	grating: autoDraw = True
255.1164 	EXP 	grating: autoDraw = False
255.4202 	DATA 	Keypress: left
255.4332 	EXP 	fixation: autoDraw = False
255.4332 	EXP 	grating: autoDraw = False
255.4332 	EXP 	grating: ori = 1.5
255.4332 	EXP 	fixation: autoDraw = True
255.9329 	EXP 	fixation: autoDraw = False
255.9329 	EXP 	grating: autoDraw = True
256.2332 	EXP 	grating: autoDraw = False
256.8687 	DATA 	Keypress: right
256.8825 	EXP 	fixation: autoDraw = False
256.8825 	EXP 	grating: autoDraw = False
256.8825 	EXP 	grating: ori = -1.0
256.8825 	EXP 	fixation: autoDraw = True
257.3666 	EXP 	grating: autoDraw = True
257.3828 	EXP 	fixation: autoDraw = False
257.6665 	EXP 	grating: autoDraw = False
258.1519 	DATA 	Keypress: left
258.1663 	EXP 	fixation: autoDraw = False
258.1663 	EXP 	grating: autoDraw = False
258.1663 	EXP 	grating: ori = 1.0
258.1663 	EXP 	fixation: autoDraw = True
258.6661 	EXP 	fixation: autoDraw = False
258.6661 	EXP 	grating: autoDraw = True
258.9662 	EXP 	grating: autoDraw = False
259.4529 	DATA 	Keypress: right
259.4659 	EXP 	fixation: autoDraw = False
259.4659 	EXP 	grating: autoDraw = False
259.4659 	EXP 	grating: ori = 1.0
259.4659 	EXP 	fixation: autoDraw = True
259.9661 	EXP 	fixation: autoDraw = False
259.9661 	EXP 	grating: autoDraw = True
260.2662 	EXP 	grating: autoDraw = False
261.4702 	DATA 	Keypress: right
261.4828 	EXP 	fixation: autoDraw = False
261.4828 	EXP 	grating: autoDraw = False
261.4828 	EXP 	grating: ori = 0.5
261.4828 	EXP 	fixation: autoDraw = True
261.9824 	EXP 	fixation: autoDraw = False
261.9824 	EXP 	grating: autoDraw = True
262.2828 	EXP 	grating: autoDraw = False
262.6193 	DATA 	Keypress: right
262.6323 	EXP 	fixation: autoDraw = False
262.6323 	EXP 	grating: autoDraw = False
262.6323 	EXP 	grating: ori = 0.5
262.6323 	EXP 	fixation: autoDraw = True
263.1325 	EXP 	fixation: autoDraw = False
263.1325 	EXP 	grating: autoDraw = True
263.4329 	EXP 	grating: autoDraw = False
263.5354 	DATA 	Keypress: right
263.5490 	EXP 	fixation: autoDraw = False
263.5490 	EXP 	grating: autoDraw = False
263.5490 	EXP 	grating: ori = -0.5
263.5490 	EXP 	fixation: autoDraw = True
264.0323 	EXP 	grating: autoDraw = True
264.0491 	EXP 	fixation: autoDraw = False
264.3326 	EXP 	grating: autoDraw = False
264.6692 	DATA 	Keypress: left
264.6819 	EXP 	fixation: autoDraw = False
264.6819 	EXP 	grating: autoDraw = False
264.6819 	EXP 	grating: ori = -0.0
264.6819 	EXP 	fixation: autoDraw = True
265.1826 	EXP 	fixation: autoDraw = False
265.1826 	EXP 	grating: autoDraw = True
265.4822 	EXP 	grating: autoDraw = False
265.9499 	DATA 	Keypress: left
265.9651 	EXP 	fixation: autoDraw = False
265.9651 	EXP 	grating: autoDraw = False
265.9651 	EXP 	grating: ori = 0.0
265.9651 	EXP 	fixation: autoDraw = True
266.4489 	EXP 	grating: autoDraw = True
266.4658 	EXP 	fixation: autoDraw = False
266.7489 	EXP 	grating: autoDraw = False
267.1523 	DATA 	Keypress: left
267.1653 	EXP 	fixation: autoDraw = False
267.1653 	EXP 	grating: autoDraw = False
267.1653 	EXP 	grating: ori = -0.5
267.1653 	EXP 	fixation: autoDraw = True
267.6491 	EXP 	grating: autoDraw = True
267.6659 	EXP 	fixation: autoDraw = False
267.9483 	EXP 	grating: autoDraw = False
268.2193 	DATA 	Keypress: left
268.2323 	EXP 	fixation: autoDraw = False
268.2323 	EXP 	grating: autoDraw = False
268.2323 	EXP 	grating: ori = 0.5
268.2323 	EXP 	fixation: autoDraw = True
268.7325 	EXP 	fixation: autoDraw = False
268.7325 	EXP 	grating: autoDraw = True
269.0325 	EXP 	grating: autoDraw = False
269.3517 	DATA 	Keypress: left
269.3652 	EXP 	fixation: autoDraw = False
269.3652 	EXP 	grating: autoDraw = False
269.3652 	EXP 	grating: ori = 1.0
269.3652 	EXP 	fixation: autoDraw = True
269.8485 	EXP 	grating: autoDraw = True
269.8657 	EXP 	fixation: autoDraw = False
270.1488 	EXP 	grating: autoDraw = False
270.5186 	DATA 	Keypress: right
270.5318 	EXP 	fixation: autoDraw = False
270.5318 	EXP 	grating: autoDraw = False
270.5318 	EXP 	grating: ori = -1.0
270.5318 	EXP 	fixation: autoDraw = True
271.0154 	EXP 	grating: autoDraw = True
271.0317 	EXP 	fixation: autoDraw = False
271.3155 	EXP 	grating: autoDraw = False
271.8857 	DATA 	Keypress: left
271.8984 	EXP 	fixation: autoDraw = False
271.8984 	EXP 	grating: autoDraw = False
271.8984 	EXP 	grating: ori = -1.0
271.8984 	EXP 	fixation: autoDraw = True
272.3986 	EXP 	fixation: autoDraw = False
272.3986 	EXP 	grating: autoDraw = True
272.6990 	EXP 	grating: autoDraw = False
273.0193 	DATA 	Keypress: left
273.0322 	EXP 	fixation: autoDraw = False
273.0322 	EXP 	grating: autoDraw = False
273.0322 	EXP 	grating: ori = -0.5
273.0322 	EXP 	fixation: autoDraw = True
273.5322 	EXP 	fixation: autoDraw = False
273.5322 	EXP 	grating: autoDraw = True
273.8320 	EXP 	grating: autoDraw = False
274.4684 	DATA 	Keypress: left
274.4820 	EXP 	fixation: autoDraw = False
274.4820 	EXP 	grating: autoDraw = False
274.4820 	EXP 	grating: ori = -0.5
274.4820 	EXP 	fixation: autoDraw = True
274.9814 	EXP 	fixation: autoDraw = False
274.9814 	EXP 	grating: autoDraw = True
275.2820 	EXP 	grating: autoDraw = False
275.7269 	DATA 	Keypress: left
275.7311 	EXP 	fixation: autoDraw = False
275.7311 	EXP 	grating: autoDraw = False
275.7663 	EXP 	window1: mouseVisible = True
